30-11-2020 19:45:33.709 [Gauge] [INFO] Initializing concepts cache with 0 concepts
30-11-2020 19:45:33.711 [Gauge] [INFO] Watching directory: c:\pessoal\CityForecast\CityForeCastGauge\specs
30-11-2020 19:45:33.719 [Gauge] [DEBUG] Found 1 files
30-11-2020 19:45:33.723 [Gauge] [INFO] Initializing specs cache with 1 specs
30-11-2020 19:45:33.723 [Gauge] [DEBUG] Adding specs from c:\pessoal\CityForecast\CityForeCastGauge\specs\example.spec
30-11-2020 19:45:33.724 [Gauge] [INFO] Initializing steps cache with 1 steps
30-11-2020 19:45:33.725 [Gauge] [INFO] Starting language runner
30-11-2020 19:45:33.870 [java] [DEBUG] ***** Printing Properties/Env Values *****
30-11-2020 19:45:33.871 [java] [DEBUG] PATH: C:\Program Files\Common Files\Oracle\Java\javapath;C:\Program Files (x86)\Common Files\Oracle\Java\javapath;C:\WINDOWS\system32;C:\WINDOWS;C:\WINDOWS\System32\Wbem;C:\WINDOWS\System32\WindowsPowerShell\v1.0\;C:\WINDOWS\System32\OpenSSH\;C:\Program Files\nodejs\;C:\Program Files\Git\cmd;C:\Program Files\apache-maven-3.6.2\bin;C:\flyway;C:\ProgramData\chocolatey\bin;C:\Program Files (x86)\Microsoft SQL Server\150\DTS\Binn\;C:\Program Files\Java\jdk1.7.0_80\bin;C:\Program Files\MongoDB\Server\4.0\bin;C:\Program Files\ffmpeg\bin;C:\Users\jardel.kuhnen\AppData\Local\Programs\Python\Python38-32\Scripts\aws;C:\Users\jardel.kuhnen\AppData\Local\Programs\Python\Python38-32\Scripts\aws.cmd;C:\Users\jardel.kuhnen\AppData\Local\Microsoft\WindowsApps\python.exe;C:\Users\jardel.kuhnen\AppData\Roaming\Python\Python38\Scripts;C:\workspace\flutter\bin;C:\Program Files\PuTTY\;C:\Program Files\dotnet\;C:\Program Files\Docker\Docker\resources\bin;C:\ProgramData\DockerDesktop\version-bin;C:\Program Files\Gauge\bin;C:\Users\jardel.kuhnen\AppData\Local\Programs\Python\Python38-32\Scripts\aws;C:\Users\jardel.kuhnen\AppData\Local\Microsoft\WindowsApps;C:\Program Files\JetBrains\IntelliJ IDEA 2020.1.3\bin;;C:\Users\jardel.kuhnen\AppData\Roaming\npm;C:\Users\jardel.kuhnen\AppData\Local\Programs\Microsoft VS Code\bin;C:\Program Files\heroku\bin;C:\Users\jardel.kuhnen\AppData\Local\Programs\Python\Python38-32\Scripts\aws.cmd;C:\Users\jardel.kuhnen\AppData\Roaming\Python\Python38\Scripts;C:\Program Files\JetBrains\DataGrip 2020.1.5\bin;;C:\workspace\flutter\bin;C:\Users\jardel.kuhnen\.dotnet\tools;;C:\Users\jardel.kuhnen\AppData\Roaming\gauge\plugins\screenshot\0.0.1
30-11-2020 19:45:33.876 [java] [DEBUG] JAVA_HOME: C:\Program Files\Java\jdk1.8.0_211
30-11-2020 19:45:33.876 [java] [DEBUG] gauge_project_root: c:\pessoal\CityForecast\CityForeCastGauge
30-11-2020 19:45:33.876 [java] [DEBUG] gauge_parallel_streams_count: 
30-11-2020 19:45:33.876 [java] [DEBUG] gauge_reports_dir: reports
30-11-2020 19:45:33.876 [java] [DEBUG] overwrite_reports: true
30-11-2020 19:45:33.876 [java] [DEBUG] logs_directory: logs
30-11-2020 19:45:33.876 [java] [DEBUG] enable_multithreading: false
30-11-2020 19:45:33.876 [java] [DEBUG] gauge_specs_dir: specs
30-11-2020 19:45:33.876 [java] [DEBUG] csv_delimiter: ,
30-11-2020 19:45:33.876 [java] [DEBUG] gauge_java_home: 
30-11-2020 19:45:33.876 [java] [DEBUG] gauge_custom_build_path: 
30-11-2020 19:45:33.876 [java] [DEBUG] gauge_additional_libs: libs/*
30-11-2020 19:45:33.876 [java] [DEBUG] gauge_jvm_args: 
30-11-2020 19:45:33.876 [java] [DEBUG] gauge_custom_compile_dir: 
30-11-2020 19:45:33.876 [java] [DEBUG] gauge_clear_state_level: scenario
30-11-2020 19:45:33.876 [java] [DEBUG] ***** END *****
30-11-2020 19:45:47.544 [Gauge] [INFO] Watching directory: c:\pessoal\CityForecast\CityForeCastGauge\specs
30-11-2020 19:45:47.545 [Gauge] [DEBUG] Found 1 files
30-11-2020 19:45:47.545 [Gauge] [INFO] Initializing concepts cache with 0 concepts
30-11-2020 19:45:47.547 [Gauge] [INFO] Initializing specs cache with 1 specs
30-11-2020 19:45:47.547 [Gauge] [DEBUG] Adding specs from c:\pessoal\CityForecast\CityForeCastGauge\specs\example.spec
30-11-2020 19:45:47.547 [Gauge] [INFO] Initializing steps cache with 1 steps
30-11-2020 19:45:47.549 [Gauge] [INFO] Starting language runner
30-11-2020 19:45:47.609 [java] [DEBUG] ***** Printing Properties/Env Values *****
30-11-2020 19:45:47.609 [java] [DEBUG] PATH: C:\Program Files\Common Files\Oracle\Java\javapath;C:\Program Files (x86)\Common Files\Oracle\Java\javapath;C:\WINDOWS\system32;C:\WINDOWS;C:\WINDOWS\System32\Wbem;C:\WINDOWS\System32\WindowsPowerShell\v1.0\;C:\WINDOWS\System32\OpenSSH\;C:\Program Files\nodejs\;C:\Program Files\Git\cmd;C:\Program Files\apache-maven-3.6.2\bin;C:\flyway;C:\ProgramData\chocolatey\bin;C:\Program Files (x86)\Microsoft SQL Server\150\DTS\Binn\;C:\Program Files\Java\jdk1.7.0_80\bin;C:\Program Files\MongoDB\Server\4.0\bin;C:\Program Files\ffmpeg\bin;C:\Users\jardel.kuhnen\AppData\Local\Programs\Python\Python38-32\Scripts\aws;C:\Users\jardel.kuhnen\AppData\Local\Programs\Python\Python38-32\Scripts\aws.cmd;C:\Users\jardel.kuhnen\AppData\Local\Microsoft\WindowsApps\python.exe;C:\Users\jardel.kuhnen\AppData\Roaming\Python\Python38\Scripts;C:\workspace\flutter\bin;C:\Program Files\PuTTY\;C:\Program Files\dotnet\;C:\Program Files\Docker\Docker\resources\bin;C:\ProgramData\DockerDesktop\version-bin;C:\Program Files\Gauge\bin;C:\Users\jardel.kuhnen\AppData\Local\Programs\Python\Python38-32\Scripts\aws;C:\Users\jardel.kuhnen\AppData\Local\Microsoft\WindowsApps;C:\Program Files\JetBrains\IntelliJ IDEA 2020.1.3\bin;;C:\Users\jardel.kuhnen\AppData\Roaming\npm;C:\Users\jardel.kuhnen\AppData\Local\Programs\Microsoft VS Code\bin;C:\Program Files\heroku\bin;C:\Users\jardel.kuhnen\AppData\Local\Programs\Python\Python38-32\Scripts\aws.cmd;C:\Users\jardel.kuhnen\AppData\Roaming\Python\Python38\Scripts;C:\Program Files\JetBrains\DataGrip 2020.1.5\bin;;C:\workspace\flutter\bin;C:\Users\jardel.kuhnen\.dotnet\tools;;C:\Users\jardel.kuhnen\AppData\Roaming\gauge\plugins\screenshot\0.0.1
30-11-2020 19:45:47.610 [java] [DEBUG] JAVA_HOME: C:\Program Files\Java\jdk1.8.0_211
30-11-2020 19:45:47.610 [java] [DEBUG] gauge_project_root: c:\pessoal\CityForecast\CityForeCastGauge
30-11-2020 19:45:47.610 [java] [DEBUG] gauge_parallel_streams_count: 
30-11-2020 19:45:47.611 [java] [DEBUG] gauge_reports_dir: reports
30-11-2020 19:45:47.611 [java] [DEBUG] overwrite_reports: true
30-11-2020 19:45:47.611 [java] [DEBUG] logs_directory: logs
30-11-2020 19:45:47.611 [java] [DEBUG] enable_multithreading: false
30-11-2020 19:45:47.611 [java] [DEBUG] gauge_specs_dir: specs
30-11-2020 19:45:47.611 [java] [DEBUG] csv_delimiter: ,
30-11-2020 19:45:47.611 [java] [DEBUG] gauge_java_home: 
30-11-2020 19:45:47.611 [java] [DEBUG] gauge_custom_build_path: 
30-11-2020 19:45:47.611 [java] [DEBUG] gauge_additional_libs: libs/*
30-11-2020 19:45:47.611 [java] [DEBUG] gauge_jvm_args: 
30-11-2020 19:45:47.611 [java] [DEBUG] gauge_custom_compile_dir: 
30-11-2020 19:45:47.611 [java] [DEBUG] gauge_clear_state_level: scenario
30-11-2020 19:45:47.611 [java] [DEBUG] ***** END *****
30-11-2020 19:45:56.157 [java] [ERROR] Installed version of gauge-java (0.7.13) does not match with dependency gauge-java (0.7.10) specified in pom.xml file
30-11-2020 19:45:56.157 [java] [DEBUG] classpath set to c:\pessoal\CityForecast\CityForeCastGauge\target\test-classes;c:\pessoal\CityForecast\CityForeCastGauge\target\classes;C:\Users\jardel.kuhnen\.m2\repository\com\thoughtworks\gauge\gauge-java\0.7.10\gauge-java-0.7.10.jar;C:\Users\jardel.kuhnen\.m2\repository\org\reflections\reflections\0.9.11\reflections-0.9.11.jar;C:\Users\jardel.kuhnen\.m2\repository\org\javassist\javassist\3.21.0-GA\javassist-3.21.0-GA.jar;C:\Users\jardel.kuhnen\.m2\repository\com\github\javaparser\javaparser-core\3.16.1\javaparser-core-3.16.1.jar;C:\Users\jardel.kuhnen\.m2\repository\commons-io\commons-io\2.8.0\commons-io-2.8.0.jar;C:\Users\jardel.kuhnen\.m2\repository\commons-lang\commons-lang\2.6\commons-lang-2.6.jar;C:\Users\jardel.kuhnen\.m2\repository\org\json\json\20200518\json-20200518.jar;C:\Users\jardel.kuhnen\.m2\repository\com\google\protobuf\protobuf-java\3.13.0\protobuf-java-3.13.0.jar;C:\Users\jardel.kuhnen\.m2\repository\com\google\guava\guava\29.0-jre\guava-29.0-jre.jar;C:\Users\jardel.kuhnen\.m2\repository\com\google\guava\failureaccess\1.0.1\failureaccess-1.0.1.jar;C:\Users\jardel.kuhnen\.m2\repository\com\google\guava\listenablefuture\9999.0-empty-to-avoid-conflict-with-guava\listenablefuture-9999.0-empty-to-avoid-conflict-with-guava.jar;C:\Users\jardel.kuhnen\.m2\repository\com\google\code\findbugs\jsr305\3.0.2\jsr305-3.0.2.jar;C:\Users\jardel.kuhnen\.m2\repository\org\checkerframework\checker-qual\2.11.1\checker-qual-2.11.1.jar;C:\Users\jardel.kuhnen\.m2\repository\com\google\errorprone\error_prone_annotations\2.3.4\error_prone_annotations-2.3.4.jar;C:\Users\jardel.kuhnen\.m2\repository\com\google\j2objc\j2objc-annotations\1.3\j2objc-annotations-1.3.jar;C:\Users\jardel.kuhnen\.m2\repository\io\grpc\grpc-netty-shaded\1.32.1\grpc-netty-shaded-1.32.1.jar;C:\Users\jardel.kuhnen\.m2\repository\io\grpc\grpc-core\1.32.1\grpc-core-1.32.1.jar;C:\Users\jardel.kuhnen\.m2\repository\com\google\code\gson\gson\2.8.6\gson-2.8.6.jar;C:\Users\jardel.kuhnen\.m2\repository\com\google\android\annotations\4.1.1.4\annotations-4.1.1.4.jar;C:\Users\jardel.kuhnen\.m2\repository\io\perfmark\perfmark-api\0.19.0\perfmark-api-0.19.0.jar;C:\Users\jardel.kuhnen\.m2\repository\io\grpc\grpc-protobuf\1.32.1\grpc-protobuf-1.32.1.jar;C:\Users\jardel.kuhnen\.m2\repository\io\grpc\grpc-api\1.32.1\grpc-api-1.32.1.jar;C:\Users\jardel.kuhnen\.m2\repository\io\grpc\grpc-context\1.32.1\grpc-context-1.32.1.jar;C:\Users\jardel.kuhnen\.m2\repository\com\google\api\grpc\proto-google-common-protos\1.17.0\proto-google-common-protos-1.17.0.jar;C:\Users\jardel.kuhnen\.m2\repository\io\grpc\grpc-protobuf-lite\1.32.1\grpc-protobuf-lite-1.32.1.jar;C:\Users\jardel.kuhnen\.m2\repository\org\codehaus\mojo\animal-sniffer-annotations\1.18\animal-sniffer-annotations-1.18.jar;C:\Users\jardel.kuhnen\.m2\repository\io\grpc\grpc-stub\1.32.1\grpc-stub-1.32.1.jar;C:\Users\jardel.kuhnen\.m2\repository\javax\annotation\javax.annotation-api\1.3.2\javax.annotation-api-1.3.2.jar;C:\Users\jardel.kuhnen\.m2\repository\org\assertj\assertj-core\3.17.2\assertj-core-3.17.2.jar
30-11-2020 19:45:56.378 [java] [DEBUG] found java executable in C:\Program Files\Java\jdk1.8.0_211\jre\bin\java.exe
30-11-2020 19:45:56.378 [java] [DEBUG] running - C:\Program Files\Java\jdk1.8.0_211\jre\bin\java.exe [-Dfile.encoding=UTF-8 com.thoughtworks.gauge.GaugeRuntime --start]
30-11-2020 19:45:56.378 [java] [DEBUG] stdout/stderr is logged to logs\20868-java.exe.out
30-11-2020 19:45:56.819 [java] [DEBUG] multithreading is set to false
30-11-2020 19:45:57.611 [java] [DEBUG] Using reflection to scan dependencies for gauge implementations...
30-11-2020 19:46:01.043 [java] [DEBUG] gauge-java took 4223milliseconds to load and scan. This should be less than 'runner_connection_timeout' config value.
30-11-2020 19:46:01.043 [java] [DEBUG] run 'gauge config runner_connection_timeout' and verify that it is < 4223
30-11-2020 19:46:01.043 [java] [DEBUG] starting gRPC server...
30-11-2020 19:46:02.029 [java] [DEBUG] Scanning packages for steps
30-11-2020 19:46:02.040 [java] [DEBUG] Scanning packages for hooks
30-11-2020 19:46:02.059 [java] [DEBUG] Scanned steps (using static parsing + reflections): 
30-11-2020 19:46:02.063 [java] [DEBUG] 	The word {} has {} vowels. : public void verifyVowelsCountInWord(String word, int expectedCount)
30-11-2020 19:46:02.063 [java] [DEBUG] 	Almost all words have vowels {} : public void verifyVowelsCountInMultipleWords(Table wordsTable)
30-11-2020 19:46:02.063 [java] [DEBUG] 	Vowels in English language are {}. : public void setLanguageVowels(String vowelString)
30-11-2020 19:46:02.748 [java] [DEBUG] started gRPC server on port 49428
30-11-2020 19:46:02.748 [Gauge] [DEBUG] Attempting to connect to grpc server at port: 49428
30-11-2020 19:46:03.019 [Gauge] [DEBUG] Successfully made the connection with runner with port: 49428
30-11-2020 19:46:03.019 [Gauge] [INFO] LangServer: reading on stdin, writing on stdout
30-11-2020 19:46:03.195 [Gauge] [DEBUG] Validation started.
30-11-2020 19:46:04.875 [Gauge] [DEBUG] Validation completed.
